<?xml version="1.0" encoding="UTF-8"?>
<!-- Generated by org.testng.reporters.JUnitXMLReporter -->
<testsuite ignored="4" hostname="LTIN192708" failures="0" tests="11" name="Test" time="75.113" errors="0" timestamp="2024-02-29T15:03:54 IST">
  <testcase classname="testCases.TC001_BookShelves" name="HandlePopup" time="32.352"/>
  <testcase classname="testCases.TC001_BookShelves" name="SelectFilters" time="1.056"/>
  <testcase classname="testCases.TC001_BookShelves" name="pricePriority" time="0.285"/>
  <testcase classname="testCases.TC001_BookShelves" name="prntProductDetails" time="1.26"/>
  <testcase classname="testCases.TC002_Living" name="viewLiving" time="0.166"/>
  <testcase classname="testCases.TC002_Living" name="prntSubmenu" time="1.604"/>
  <testcase classname="testCases.TC003_GiftCards" name="chooseGiftCard" time="10.338"/>
  <testcase classname="testCases.TC003_GiftCards" name="enterAmount" time="0.299"/>
  <testcase classname="testCases.TC003_GiftCards" name="formDetails" time="7.306"/>
  <testcase classname="testCases.TC003_GiftCards" name="printErrorMs" time="0.101"/>
  <testcase classname="testCases.TC003_GiftCards" name="enterValidDetails" time="7.903"/>
  <testcase classname="testBase.BaseClass" name="@AfterTest tearDown" time="0.0">
    <ignored/>
  </testcase> <!-- @AfterTest tearDown -->
  <testcase classname="testBase.BaseClass" name="@BeforeTest setup" time="0.0">
    <ignored/>
  </testcase> <!-- @BeforeTest setup -->
  <testcase classname="testBase.BaseClass" name="@BeforeTest setup" time="0.0">
    <ignored/>
  </testcase> <!-- @BeforeTest setup -->
  <testcase classname="testBase.BaseClass" name="@AfterTest tearDown" time="0.0">
    <ignored/>
  </testcase> <!-- @AfterTest tearDown -->
</testsuite> <!-- Test -->
